<?xml version="1.0" encoding="UTF-8"?>
<!-- Generated by org.testng.reporters.JUnitReportReporter -->
<testsuite hostname="Rupankar-PC-2001" failures="0" tests="2" name="Test.HealthInsuranceTest" time="0.799" errors="0" timestamp="2023-07-16T19:51:26 IST" skipped="0">
  <testcase classname="Test.HealthInsuranceTest" name="extract_HealthInsurance_menu_items" time="0.538"/>
  <testcase classname="Test.HealthInsuranceTest" name="hover_on_insuranceProducts_dropdown" time="0.261"/>
</testsuite> <!-- Test.HealthInsuranceTest -->
