<?xml version="1.0" encoding="UTF-8"?>
<!-- Generated by org.testng.reporters.JUnitReportReporter -->
<testsuite hostname="Rupankar-PC-2001" failures="0" tests="8" name="Test.VehicleInsuranceTest" time="4.893" errors="0" timestamp="2023-07-16T19:51:26 IST" skipped="0">
  <testcase classname="Test.VehicleInsuranceTest" name="hover_select" time="2.324"/>
  <testcase classname="Test.VehicleInsuranceTest" name="proceed_without_no" time="0.169"/>
  <testcase classname="Test.VehicleInsuranceTest" name="city_region" time="0.931"/>
  <testcase classname="Test.VehicleInsuranceTest" name="brand_model" time="0.547"/>
  <testcase classname="Test.VehicleInsuranceTest" name="fuel_type_variant" time="0.346"/>
  <testcase classname="Test.VehicleInsuranceTest" name="reg_year" time="0.091"/>
  <testcase classname="Test.VehicleInsuranceTest" name="invalidDetails" time="0.408"/>
  <testcase classname="Test.VehicleInsuranceTest" name="invalidDetails_message_capture" time="0.077"/>
</testsuite> <!-- Test.VehicleInsuranceTest -->
