<?xml version="1.0" encoding="UTF-8"?>
<!-- Generated by org.testng.reporters.JUnitReportReporter -->
<testsuite hostname="Rupankar-PC-2001" failures="0" tests="10" name="Test.TravelInsuranceTest" time="10.504" errors="0" timestamp="2023-07-16T20:52:42 IST" skipped="0">
  <testcase classname="Test.TravelInsuranceTest" name="country_selection" time="2.056"/>
  <testcase classname="Test.TravelInsuranceTest" name="mobileNo" time="0.220"/>
  <testcase classname="Test.TravelInsuranceTest" name="people_and_age" time="0.600"/>
  <testcase classname="Test.TravelInsuranceTest" name="display_3_lowest_plans" time="1.192"/>
  <testcase classname="Test.TravelInsuranceTest" name="age_of_students" time="3.287"/>
  <testcase classname="Test.TravelInsuranceTest" name="checkInOut_Date" time="0.772"/>
  <testcase classname="Test.TravelInsuranceTest" name="duration" time="0.463"/>
  <testcase classname="Test.TravelInsuranceTest" name="disease" time="0.680"/>
  <testcase classname="Test.TravelInsuranceTest" name="sort_low_to_high" time="0.967"/>
  <testcase classname="Test.TravelInsuranceTest" name="travel_insurance_button" time="0.267"/>
</testsuite> <!-- Test.TravelInsuranceTest -->
